Add Pin To Net: Pin=J5-5 Old Net=NetJ5_5 New Net=F10
Add Pin To Net: Pin=J5-6 Old Net=NetJ5_6 New Net=F9
Add Pin To Net: Pin=J5-7 Old Net=NetJ5_7 New Net=D11
Add Pin To Net: Pin=J5-8 Old Net=NetJ5_8 New Net=E12
Add Pin To Net: Pin=J5-9 Old Net=NetJ5_9 New Net=G14
Add Pin To Net: Pin=J5-10 Old Net=NetJ5_10 New Net=F14
Add Pin To Net: Pin=J5-11 Old Net=NetJ5_11 New Net=F12
Add Pin To Net: Pin=J5-12 Old Net=NetJ5_12 New Net=F13
Add Pin To Net: Pin=J5-13 Old Net=NetJ5_13 New Net=G11
Add Pin To Net: Pin=J5-14 Old Net=NetJ5_14 New Net=G12
Add Pin To Net: Pin=J5-15 Old Net=NetJ5_15 New Net=J14
Add Pin To Net: Pin=J5-16 Old Net=NetJ5_16 New Net=J15
Add Pin To Net: Pin=J5-17 Old Net=NetJ5_17 New Net=H13
Add Pin To Net: Pin=J5-18 Old Net=NetJ5_18 New Net=H14
Add Pin To Net: Pin=J5-19 Old Net=NetJ5_19 New Net=J11
Add Pin To Net: Pin=J5-20 Old Net=NetJ5_20 New Net=H11
Add Pin To Net: Pin=J5-21 Old Net=NetJ5_21 New Net=J12
Add Pin To Net: Pin=J5-22 Old Net=NetJ5_22 New Net=J13
Add Pin To Net: Pin=J5-23 Old Net=NetJ5_23 New Net=G9
Add Pin To Net: Pin=J5-24 Old Net=NetJ5_24 New Net=G10
Add Pin To Net: Pin=J5-25 Old Net=NetJ5_25 New Net=H9
Add Pin To Net: Pin=J5-26 Old Net=NetJ5_26 New Net=H12
Add Pin To Net: Pin=J5-27 Old Net=NetJ5_27 New Net=J9
Add Pin To Net: Pin=J5-28 Old Net=NetJ5_28 New Net=J10
Add Pin To Net: Pin=J5-29 Old Net=NetJ5_29 New Net=K9
Add Pin To Net: Pin=J5-30 Old Net=NetJ5_30 New Net=K10
Add Pin To Net: Pin=J5-31 Old Net=NetJ5_31 New Net=W13
Add Pin To Net: Pin=J5-32 Old Net=NetJ5_32 New Net=W12
Add Pin To Net: Pin=J5-33 Old Net=NetJ5_33 New Net=W15
Add Pin To Net: Pin=J5-34 Old Net=NetJ5_34 New Net=W14
Add Pin To Net: Pin=J5-35 Old Net=NetJ5_35 New Net=Y16
Add Pin To Net: Pin=J5-36 Old Net=NetJ5_36 New Net=Y15
Add Pin To Net: Pin=J5-37 Old Net=NetJ5_37 New Net=AA13
Add Pin To Net: Pin=J5-38 Old Net=NetJ5_38 New Net=AA14
Add Pin To Net: Pin=J5-39 Old Net=NetJ5_39 New Net=AB14
Add Pin To Net: Pin=J5-40 Old Net=NetJ5_40 New Net=AB16
