Removed Pin From Net: NetName=GND Pin=J1-5
Removed Pin From Net: NetName=GND Pin=J1-6
Removed Pin From Net: NetName=GND Pin=J1-7
Removed Pin From Net: NetName=GND Pin=J1-8
Removed Pin From Net: NetName=GND Pin=J1_1-1
Removed Pin From Net: NetName=GND Pin=J1_1-2
Removed Pin From Net: NetName=GND Pin=J1_1-3
Removed Pin From Net: NetName=GND Pin=J1_1-4
Removed Pin From Net: NetName=GND Pin=J1_1-5
Removed Pin From Net: NetName=GND Pin=J1_1-6
Removed Pin From Net: NetName=GND Pin=J1_1-13
Removed Pin From Net: NetName=GND Pin=J1_1-14
Removed Pin From Net: NetName=AF15 Pin=J2-19
Removed Pin From Net: NetName=AD15 Pin=J2-20
Removed Pin From Net: NetName=AF13 Pin=J2-21
Removed Pin From Net: NetName=AF14 Pin=J2-22
Removed Pin From Net: NetName=AE13 Pin=J2-23
Removed Pin From Net: NetName=AE15 Pin=J2-24
Removed Pin From Net: NetName=AD13 Pin=J2-25
Removed Pin From Net: NetName=AD14 Pin=J2-26
Removed Pin From Net: NetName=AC13 Pin=J2-27
Removed Pin From Net: NetName=AC14 Pin=J2-28
Removed Pin From Net: NetName=AB16 Pin=J2-30
Removed Pin From Net: NetName=AE15 Pin=R1-1
Removed Pin From Net: NetName=AF14 Pin=R2-1
Removed Pin From Net: NetName=AD15 Pin=R3-1
Removed Pin From Net: NetName=AE13 Pin=R4-1
Removed Pin From Net: NetName=AF13 Pin=R5-1
Removed Pin From Net: NetName=AF15 Pin=R6-1
Removed Pin From Net: NetName=AD13 Pin=R7-1
Removed Pin From Net: NetName=AC13 Pin=R8-1
Removed Pin From Net: NetName=AC14 Pin=R9-1
Removed Pin From Net: NetName=AD14 Pin=R10-1
Added Pin To Net: NetName=NetR1_1 Pin=R1-1
Added Pin To Net: NetName=NetR2_1 Pin=R2-1
Added Pin To Net: NetName=NetR3_1 Pin=R3-1
Added Pin To Net: NetName=NetR4_1 Pin=R4-1
Added Pin To Net: NetName=NetR5_1 Pin=R5-1
Added Pin To Net: NetName=NetR6_1 Pin=R6-1
Added Pin To Net: NetName=NetR7_1 Pin=R7-1
Added Pin To Net: NetName=NetR8_1 Pin=R8-1
Added Pin To Net: NetName=NetR9_1 Pin=R9-1
Added Pin To Net: NetName=NetR10_1 Pin=R10-1
Add Pin To Net: Unknown Pin: Pin U1-A9
Add Pin To Net: Unknown Pin: Pin U1-A10
Add Pin To Net: Unknown Pin: Pin U1-A12
Add Pin To Net: Unknown Pin: Pin U1-A13
Add Pin To Net: Unknown Pin: Pin U1-A14
Add Pin To Net: Unknown Pin: Pin U1-AA13
Add Pin To Net: Unknown Pin: Pin U1-AA14
Add Pin To Net: Unknown Pin: Pin U1-AB14
Add Pin To Net: Unknown Pin: Pin U1-AB15
Add Pin To Net: Unknown Pin: Pin U1-AB16
Add Pin To Net: Unknown Pin: Pin U1-AC13
Add Pin To Net: Unknown Pin: Pin U1-AC14
Add Pin To Net: Unknown Pin: Pin U1-AD13
Add Pin To Net: Unknown Pin: Pin U1-AD14
Add Pin To Net: Unknown Pin: Pin U1-AD15
Add Pin To Net: Unknown Pin: Pin U1-AE13
Add Pin To Net: Unknown Pin: Pin U1-AE15
Add Pin To Net: Unknown Pin: Pin U1-AF13
Add Pin To Net: Unknown Pin: Pin U1-AF14
Add Pin To Net: Unknown Pin: Pin U1-AF15
Add Pin To Net: Unknown Pin: Pin U1-B9
Add Pin To Net: Unknown Pin: Pin U1-B10
Add Pin To Net: Unknown Pin: Pin U1-B11
Add Pin To Net: Unknown Pin: Pin U1-B12
Add Pin To Net: Unknown Pin: Pin U1-B14
Add Pin To Net: Unknown Pin: Pin U1-C9
Add Pin To Net: Unknown Pin: Pin U1-C11
Add Pin To Net: Unknown Pin: Pin U1-C12
Add Pin To Net: Unknown Pin: Pin U1-C13
Add Pin To Net: Unknown Pin: Pin U1-C14
Add Pin To Net: Unknown Pin: Pin U1-D9
Add Pin To Net: Unknown Pin: Pin U1-D10
Add Pin To Net: Unknown Pin: Pin U1-D11
Add Pin To Net: Unknown Pin: Pin U1-D13
Add Pin To Net: Unknown Pin: Pin U1-D14
Add Pin To Net: Unknown Pin: Pin U1-E10
Add Pin To Net: Unknown Pin: Pin U1-E11
Add Pin To Net: Unknown Pin: Pin U1-E12
Add Pin To Net: Unknown Pin: Pin U1-F9
Add Pin To Net: Unknown Pin: Pin U1-F10
Add Pin To Net: Unknown Pin: Pin U1-F12
Add Pin To Net: Unknown Pin: Pin U1-F13
Add Pin To Net: Unknown Pin: Pin U1-F14
Add Pin To Net: Unknown Pin: Pin U1-G9
Add Pin To Net: Unknown Pin: Pin U1-G10
Add Pin To Net: Unknown Pin: Pin U1-G11
Add Pin To Net: Unknown Pin: Pin U1-G12
Add Pin To Net: Unknown Pin: Pin U1-G14
Add Pin To Net: Unknown Pin: Pin U1-H9
Add Pin To Net: Unknown Pin: Pin U1-H11
Add Pin To Net: Unknown Pin: Pin U1-H12
Add Pin To Net: Unknown Pin: Pin U1-H13
Add Pin To Net: Unknown Pin: Pin U1-H14
Add Pin To Net: Unknown Pin: Pin U1-J9
Add Pin To Net: Unknown Pin: Pin U1-J10
Add Pin To Net: Unknown Pin: Pin U1-J11
Add Pin To Net: Unknown Pin: Pin U1-J12
Add Pin To Net: Unknown Pin: Pin U1-J13
Add Pin To Net: Unknown Pin: Pin U1-J14
Add Pin To Net: Unknown Pin: Pin U1-J15
Add Pin To Net: Unknown Pin: Pin U1-K9
Add Pin To Net: Unknown Pin: Pin U1-K10
Add Pin To Net: Unknown Pin: Pin U1-W12
Add Pin To Net: Unknown Pin: Pin U1-W13
Add Pin To Net: Unknown Pin: Pin U1-W14
Add Pin To Net: Unknown Pin: Pin U1-W15
Add Pin To Net: Unknown Pin: Pin U1-Y15
Add Pin To Net: Unknown Pin: Pin U1-Y16
Change Net Name : Old Net Name=VGA_BLUE New Net Name=NetJ1_3
Change Net Name : Old Net Name=VGA_GREEN New Net Name=NetJ1_2
Change Net Name : Old Net Name=VGA_HS New Net Name=NetJ1_13
Change Net Name : Old Net Name=VGA_RED New Net Name=NetJ1_1
Change Net Name : Old Net Name=VGA_VS New Net Name=NetJ1_14
Added Member To Class: ClassName=VGA Member=Component R5 AT0603FRE071KL
Add Class Member: Failed to add class member : Component U1 XCKU5P-1FFVB676
