Removed Pin From Net: NetName=D9 Pin=J2-68
Removed Pin From Net: NetName=C9 Pin=J2-70
Removed Pin From Net: NetName=D13 Pin=J2-72
Removed Pin From Net: NetName=B14 Pin=J2-74
Removed Pin From Net: NetName=C13 Pin=J2-76
Removed Pin From Net: NetName=B12 Pin=J2-78
Removed Pin From Net: NetName=A13 Pin=J2-80
Removed Pin From Net: NetName=B10 Pin=J2-82
Removed Pin From Net: NetName=A10 Pin=J2-84
Removed Pin From Net: NetName=A9 Pin=J2-86
Removed Pin From Net: NetName=VDD3.3 Pin=J5-1
Removed Pin From Net: NetName=VDD3.3 Pin=J5-2
Removed Pin From Net: NetName=F12 Pin=J5-3
Removed Pin From Net: NetName=F13 Pin=J5-4
Removed Pin From Net: NetName=GND Pin=J5-5
Removed Pin From Net: NetName=GND Pin=J5-6
Removed Pin From Net: NetName=G11 Pin=J5-7
Removed Pin From Net: NetName=G12 Pin=J5-8
Removed Pin From Net: NetName=J14 Pin=J5-9
Removed Pin From Net: NetName=J15 Pin=J5-10
Removed Pin From Net: NetName=H13 Pin=J5-11
Removed Pin From Net: NetName=H14 Pin=J5-12
Removed Pin From Net: NetName=J11 Pin=J5-13
Removed Pin From Net: NetName=H11 Pin=J5-14
Removed Pin From Net: NetName=J12 Pin=J5-15
Removed Pin From Net: NetName=J13 Pin=J5-16
Removed Pin From Net: NetName=G9 Pin=J5-17
Removed Pin From Net: NetName=G10 Pin=J5-18
Removed Pin From Net: NetName=H9 Pin=J5-19
Removed Pin From Net: NetName=H12 Pin=J5-20
Removed Pin From Net: NetName=J9 Pin=J5-21
Removed Pin From Net: NetName=J10 Pin=J5-22
Removed Pin From Net: NetName=K9 Pin=J5-23
Removed Pin From Net: NetName=K10 Pin=J5-24
Removed Pin From Net: NetName=W13 Pin=J5-25
Removed Pin From Net: NetName=W12 Pin=J5-26
Removed Pin From Net: NetName=W15 Pin=J5-27
Removed Pin From Net: NetName=W14 Pin=J5-28
Added Pin To Net: NetName=A9 Pin=J2-68
Added Pin To Net: NetName=A10 Pin=J2-70
Added Pin To Net: NetName=B10 Pin=J2-72
Added Pin To Net: NetName=A13 Pin=J2-74
Added Pin To Net: NetName=B12 Pin=J2-76
Added Pin To Net: NetName=C13 Pin=J2-78
Added Pin To Net: NetName=B14 Pin=J2-80
Added Pin To Net: NetName=D13 Pin=J2-82
Added Pin To Net: NetName=C9 Pin=J2-84
Added Pin To Net: NetName=D9 Pin=J2-86
