Added Component: Designator=SW10(TS-1185-B-A-B-A)
Add component (AddParameter): Name = "Actuator Style"; Value = "Round Button"; VariantName = "[No Variations]"
Add component (AddParameter): Name = "Actuator/Cap Color"; Value = "Black"; VariantName = "[No Variations]"
Add component (AddParameter): Name = "Add into BOM"; Value = "yes"; VariantName = "[No Variations]"
Add component (AddParameter): Name = "Circuit"; Value = "SPST"; VariantName = "[No Variations]"
Add component (AddParameter): Name = "Contact Current"; Value = "50mA"; VariantName = "[No Variations]"
Add component (AddParameter): Name = "Convert to PCB"; Value = "yes"; VariantName = "[No Variations]"
Add component (AddParameter): Name = "Datasheet"; Value = "https://atta.szlcsc.com/upload/public/pdf/source/20211011/C2F26DC0AE1820400F54DBF49644F5A1.pdf"; VariantName = "[No Variations]"
Add component (AddParameter): Name = "Device"; Value = "TS-1185-B-A-B-A"; VariantName = "[No Variations]"
Add component (AddParameter): Name = "Insulation Resistance"; Value = "-"; VariantName = "[No Variations]"
Add component (AddParameter): Name = "JLCPCB Part Class"; Value = "Extended Part"; VariantName = "[No Variations]"
Add component (AddParameter): Name = "LCSC Part Name"; Value = "4*3*2mm ?? ????"; VariantName = "[No Variations]"
Add component (AddParameter): Name = "Manufacturer"; Value = "XKB Connectivity(????)"; VariantName = "[No Variations]"
Add component (AddParameter): Name = "Manufacturer Part"; Value = "TS-1185-B-A-B-A"; VariantName = "[No Variations]"
Add component (AddParameter): Name = "Mechanical Life"; Value = "10??"; VariantName = "[No Variations]"
Add component (AddParameter): Name = "Mounting Style"; Value = "Brick nogging"; VariantName = "[No Variations]"
Add component (AddParameter): Name = "Operating Force"; Value = "160gf"; VariantName = "[No Variations]"
Add component (AddParameter): Name = "Operating Temperature"; Value = "-30?~+85?"; VariantName = "[No Variations]"
Add component (AddParameter): Name = "Strike Gundam"; Value = "??"; VariantName = "[No Variations]"
Add component (AddParameter): Name = "Supplier"; Value = "LCSC"; VariantName = "[No Variations]"
Add component (AddParameter): Name = "Supplier Footprint"; Value = "SMD"; VariantName = "[No Variations]"
Add component (AddParameter): Name = "Supplier Part"; Value = "C561517"; VariantName = "[No Variations]"
Add component (AddParameter): Name = "Switch Height"; Value = "2mm"; VariantName = "[No Variations]"
Add component (AddParameter): Name = "Switch Length"; Value = "4mm"; VariantName = "[No Variations]"
Add component (AddParameter): Name = "Switch Width"; Value = "3mm"; VariantName = "[No Variations]"
Add component (AddParameter): Name = "Symbol"; Value = "TS-1185-B-A-B-A"; VariantName = "[No Variations]"
Add component (AddParameter): Name = "Voltage Rating (DC)"; Value = "12V"; VariantName = "[No Variations]"
Add component (AddParameter): Name = "With Lamp"; Value = "No"; VariantName = "[No Variations]"
Add component: Footprint Not Found FP-2-1977223-2-MFG
Add component: Footprint Not Found FP-2-1977223-2-MFG
Add component: Footprint Not Found FP-2-1977223-2-MFG
Add component: Footprint Not Found SW-SMD_L4.0-W3.0-LS5.0
Added Pin To Net: NetName=GND Pin=SW10-1
Added Pin To Net: NetName=E11 Pin=SW10-2
Add Pin To Net: Unknown Pin: Pin SW11-1
Add Pin To Net: Unknown Pin: Pin SW11-2
Add Pin To Net: Unknown Pin: Pin SW11-4
Add Pin To Net: Unknown Pin: Pin SW12-1
Add Pin To Net: Unknown Pin: Pin SW12-2
Add Pin To Net: Unknown Pin: Pin SW12-4
Add Pin To Net: Unknown Pin: Pin SW13-1
Add Pin To Net: Unknown Pin: Pin SW13-2
Add Pin To Net: Unknown Pin: Pin SW13-4
Added Member To Class: ClassName=SWITCHES Member=Component SW10 TS-1185-B-A-B-A
Add Class Member: Failed to add class member : Component SW11 2-1977223-2
Add Class Member: Failed to add class member : Component SW12 2-1977223-2
Add Class Member: Failed to add class member : Component SW13 2-1977223-2
Add Class Member: Failed to add class member : Component SW? TS-1185-B-A-B-A
