Added Pin To Net: NetName=VDD3.3 Pin=J5-1
Added Pin To Net: NetName=VDD3.3 Pin=J5-2
Added Pin To Net: NetName=F12 Pin=J5-3
Added Pin To Net: NetName=F13 Pin=J5-4
Added Pin To Net: NetName=GND Pin=J5-5
Added Pin To Net: NetName=GND Pin=J5-6
Added Pin To Net: NetName=G11 Pin=J5-7
Added Pin To Net: NetName=G12 Pin=J5-8
Added Pin To Net: NetName=J14 Pin=J5-9
Added Pin To Net: NetName=J15 Pin=J5-10
Added Pin To Net: NetName=H13 Pin=J5-11
Added Pin To Net: NetName=H14 Pin=J5-12
Added Pin To Net: NetName=J11 Pin=J5-13
Added Pin To Net: NetName=H11 Pin=J5-14
Added Pin To Net: NetName=J12 Pin=J5-15
Added Pin To Net: NetName=J13 Pin=J5-16
Added Pin To Net: NetName=G9 Pin=J5-17
Added Pin To Net: NetName=G10 Pin=J5-18
Added Pin To Net: NetName=H9 Pin=J5-19
Added Pin To Net: NetName=H12 Pin=J5-20
Added Pin To Net: NetName=J9 Pin=J5-21
Added Pin To Net: NetName=J10 Pin=J5-22
Added Pin To Net: NetName=K9 Pin=J5-23
Added Pin To Net: NetName=K10 Pin=J5-24
Added Pin To Net: NetName=W13 Pin=J5-25
Added Pin To Net: NetName=W12 Pin=J5-26
Added Pin To Net: NetName=W15 Pin=J5-27
Added Pin To Net: NetName=W14 Pin=J5-28
