Change Component Footprint: Designator=R11 Old Footprint=RES-0402 New Footprint=RES-0603
Change Component Footprint: Designator=R12 Old Footprint=RES-0402 New Footprint=RES-0603
Change Component Footprint: Designator=R13 Old Footprint=RES-0402 New Footprint=RES-0603
Change Component Footprint: Designator=R14 Old Footprint=RES-0402 New Footprint=RES-0603
Change Component Footprint: Designator=R15 Old Footprint=RES-0402 New Footprint=RES-0603
Change Component Footprint: Designator=R16 Old Footprint=RES-0402 New Footprint=RES-0603
Change Component Footprint: Designator=R17 Old Footprint=RES-0402 New Footprint=RES-0603
Change Component Footprint: Designator=R18 Old Footprint=RES-0402 New Footprint=RES-0603
Change Component Footprint: Designator=R19 Old Footprint=RES-0402 New Footprint=RES-0603
Change Component Footprint: Designator=R20 Old Footprint=RES-0402 New Footprint=RES-0603
Change Component Footprint: Designator=R21 Old Footprint=RES-0402 New Footprint=RES-0603
Change Component Footprint: Designator=R22 Old Footprint=RES-0402 New Footprint=RES-0603
Change Component Footprint: Designator=R23 Old Footprint=RES-0402 New Footprint=RES-0603
Change Component Footprint: Designator=R24 Old Footprint=RES-0402 New Footprint=RES-0603
Change Component Comment : Designator=R11 Old Comment=0402WGF1002TCE New Comment=0603WAF1002T5E
Change Component Comment : Designator=R12 Old Comment=0402WGF1002TCE New Comment=0603WAF1002T5E
Change Component Comment : Designator=R13 Old Comment=0402WGF1002TCE New Comment=0603WAF1002T5E
Change Component Comment : Designator=R14 Old Comment=0402WGF1002TCE New Comment=0603WAF1002T5E
Change Component Comment : Designator=R15 Old Comment=0402WGF1002TCE New Comment=0603WAF1002T5E
Change Component Comment : Designator=R16 Old Comment=0402WGF1002TCE New Comment=0603WAF1002T5E
Change Component Comment : Designator=R17 Old Comment=0402WGF1002TCE New Comment=0603WAF1002T5E
Change Component Comment : Designator=R18 Old Comment=0402WGF1002TCE New Comment=0603WAF1002T5E
Change Component Comment : Designator=R19 Old Comment=0402WGF1002TCE New Comment=0603WAF1002T5E
Change Component Comment : Designator=R20 Old Comment=0402WGF1002TCE New Comment=0603WAF1002T5E
Change Component Comment : Designator=R21 Old Comment=0402WGF1002TCE New Comment=0603WAF1002T5E
Change Component Comment : Designator=R22 Old Comment=0402WGF1002TCE New Comment=0603WAF1002T5E
Change Component Comment : Designator=R23 Old Comment=0402WGF1002TCE New Comment=0603WAF1002T5E
Change Component Comment : Designator=R24 Old Comment=0402WGF1002TCE New Comment=0603WAF1002T5E
Change component parameters: Designator = "R11" ("R11"); Footprint = "RES-0402"; UniqueID = "\NPNDSEHE" ("\NPNDSEHE")
Change component parameters (AddParameter): Name = "Category"; Value = "Resistors"; VariantName = "[No Variations]"
Change component parameters (AddParameter): Name = "ComponentLink1Description"; Value = "Datasheet"; VariantName = "[No Variations]"
Change component parameters (AddParameter): Name = "ComponentLink1URL"; Value = "https://wmsc.lcsc.com/wmsc/upload/file/pdf/v2/lcsc/2206010045_UNI-ROYAL-Uniroyal-Elec-0603WAF1002T5E_C25804.pdf"; VariantName = "[No Variations]"
Change component parameters (AddParameter): Name = "ComponentLink2Description"; Value = "JLCPCB Part URL"; VariantName = "[No Variations]"
Change component parameters (AddParameter): Name = "ComponentLink2URL"; Value = "https://jlcpcb.com/partdetail/C25804"; VariantName = "[No Variations]"
Change component parameters (AddParameter): Name = "JLCPCB Basic Part"; Value = "Yes"; VariantName = "[No Variations]"
Change component parameters (AddParameter): Name = "JLCPCB Part Number"; Value = "C25804"; VariantName = "[No Variations]"
Change component parameters (AddParameter): Name = "Manufacturer"; Value = "Uniroyal"; VariantName = "[No Variations]"
Change component parameters (AddParameter): Name = "Manufacturer Part Number"; Value = "0603WAF1002T5E"; VariantName = "[No Variations]"
Change component parameters (AddParameter): Name = "Package Size"; Value = "0603"; VariantName = "[No Variations]"
Change component parameters (AddParameter): Name = "Power Rating"; Value = "100mW"; VariantName = "[No Variations]"
Change component parameters (AddParameter): Name = "Resistance"; Value = "10kO"; VariantName = "[No Variations]"
Change component parameters (AddParameter): Name = "Supplier 1"; Value = "LCSC"; VariantName = "[No Variations]"
Change component parameters (AddParameter): Name = "Supplier Part Number 1"; Value = "C25804"; VariantName = "[No Variations]"
Change component parameters (AddParameter): Name = "Temperature Coefficient"; Value = "±100ppm/?"; VariantName = "[No Variations]"
Change component parameters (AddParameter): Name = "Temperature Rating"; Value = "-55?~+155?"; VariantName = "[No Variations]"
Change component parameters (AddParameter): Name = "Tolerance"; Value = "±1%"; VariantName = "[No Variations]"
Change component parameters (AddParameter): Name = "Voltage Rating"; Value = "75V"; VariantName = "[No Variations]"
Change component parameters: Designator = "R12" ("R12"); Footprint = "RES-0402"; UniqueID = "\BRZSJTKE" ("\BRZSJTKE")
Change component parameters (AddParameter): Name = "Category"; Value = "Resistors"; VariantName = "[No Variations]"
Change component parameters (AddParameter): Name = "ComponentLink1Description"; Value = "Datasheet"; VariantName = "[No Variations]"
Change component parameters (AddParameter): Name = "ComponentLink1URL"; Value = "https://wmsc.lcsc.com/wmsc/upload/file/pdf/v2/lcsc/2206010045_UNI-ROYAL-Uniroyal-Elec-0603WAF1002T5E_C25804.pdf"; VariantName = "[No Variations]"
Change component parameters (AddParameter): Name = "ComponentLink2Description"; Value = "JLCPCB Part URL"; VariantName = "[No Variations]"
Change component parameters (AddParameter): Name = "ComponentLink2URL"; Value = "https://jlcpcb.com/partdetail/C25804"; VariantName = "[No Variations]"
Change component parameters (AddParameter): Name = "JLCPCB Basic Part"; Value = "Yes"; VariantName = "[No Variations]"
Change component parameters (AddParameter): Name = "JLCPCB Part Number"; Value = "C25804"; VariantName = "[No Variations]"
Change component parameters (AddParameter): Name = "Manufacturer"; Value = "Uniroyal"; VariantName = "[No Variations]"
Change component parameters (AddParameter): Name = "Manufacturer Part Number"; Value = "0603WAF1002T5E"; VariantName = "[No Variations]"
Change component parameters (AddParameter): Name = "Package Size"; Value = "0603"; VariantName = "[No Variations]"
Change component parameters (AddParameter): Name = "Power Rating"; Value = "100mW"; VariantName = "[No Variations]"
Change component parameters (AddParameter): Name = "Resistance"; Value = "10kO"; VariantName = "[No Variations]"
Change component parameters (AddParameter): Name = "Supplier 1"; Value = "LCSC"; VariantName = "[No Variations]"
Change component parameters (AddParameter): Name = "Supplier Part Number 1"; Value = "C25804"; VariantName = "[No Variations]"
Change component parameters (AddParameter): Name = "Temperature Coefficient"; Value = "±100ppm/?"; VariantName = "[No Variations]"
Change component parameters (AddParameter): Name = "Temperature Rating"; Value = "-55?~+155?"; VariantName = "[No Variations]"
Change component parameters (AddParameter): Name = "Tolerance"; Value = "±1%"; VariantName = "[No Variations]"
Change component parameters (AddParameter): Name = "Voltage Rating"; Value = "75V"; VariantName = "[No Variations]"
Change component parameters: Designator = "R13" ("R13"); Footprint = "RES-0402"; UniqueID = "\MMFLAHEG" ("\MMFLAHEG")
Change component parameters (AddParameter): Name = "Category"; Value = "Resistors"; VariantName = "[No Variations]"
Change component parameters (AddParameter): Name = "ComponentLink1Description"; Value = "Datasheet"; VariantName = "[No Variations]"
Change component parameters (AddParameter): Name = "ComponentLink1URL"; Value = "https://wmsc.lcsc.com/wmsc/upload/file/pdf/v2/lcsc/2206010045_UNI-ROYAL-Uniroyal-Elec-0603WAF1002T5E_C25804.pdf"; VariantName = "[No Variations]"
Change component parameters (AddParameter): Name = "ComponentLink2Description"; Value = "JLCPCB Part URL"; VariantName = "[No Variations]"
Change component parameters (AddParameter): Name = "ComponentLink2URL"; Value = "https://jlcpcb.com/partdetail/C25804"; VariantName = "[No Variations]"
Change component parameters (AddParameter): Name = "JLCPCB Basic Part"; Value = "Yes"; VariantName = "[No Variations]"
Change component parameters (AddParameter): Name = "JLCPCB Part Number"; Value = "C25804"; VariantName = "[No Variations]"
Change component parameters (AddParameter): Name = "Manufacturer"; Value = "Uniroyal"; VariantName = "[No Variations]"
Change component parameters (AddParameter): Name = "Manufacturer Part Number"; Value = "0603WAF1002T5E"; VariantName = "[No Variations]"
Change component parameters (AddParameter): Name = "Package Size"; Value = "0603"; VariantName = "[No Variations]"
Change component parameters (AddParameter): Name = "Power Rating"; Value = "100mW"; VariantName = "[No Variations]"
Change component parameters (AddParameter): Name = "Resistance"; Value = "10kO"; VariantName = "[No Variations]"
Change component parameters (AddParameter): Name = "Supplier 1"; Value = "LCSC"; VariantName = "[No Variations]"
Change component parameters (AddParameter): Name = "Supplier Part Number 1"; Value = "C25804"; VariantName = "[No Variations]"
Change component parameters (AddParameter): Name = "Temperature Coefficient"; Value = "±100ppm/?"; VariantName = "[No Variations]"
Change component parameters (AddParameter): Name = "Temperature Rating"; Value = "-55?~+155?"; VariantName = "[No Variations]"
Change component parameters (AddParameter): Name = "Tolerance"; Value = "±1%"; VariantName = "[No Variations]"
Change component parameters (AddParameter): Name = "Voltage Rating"; Value = "75V"; VariantName = "[No Variations]"
Change component parameters: Designator = "R14" ("R14"); Footprint = "RES-0402"; UniqueID = "\CXCLHLGD" ("\CXCLHLGD")
Change component parameters (AddParameter): Name = "Category"; Value = "Resistors"; VariantName = "[No Variations]"
Change component parameters (AddParameter): Name = "ComponentLink1Description"; Value = "Datasheet"; VariantName = "[No Variations]"
Change component parameters (AddParameter): Name = "ComponentLink1URL"; Value = "https://wmsc.lcsc.com/wmsc/upload/file/pdf/v2/lcsc/2206010045_UNI-ROYAL-Uniroyal-Elec-0603WAF1002T5E_C25804.pdf"; VariantName = "[No Variations]"
Change component parameters (AddParameter): Name = "ComponentLink2Description"; Value = "JLCPCB Part URL"; VariantName = "[No Variations]"
Change component parameters (AddParameter): Name = "ComponentLink2URL"; Value = "https://jlcpcb.com/partdetail/C25804"; VariantName = "[No Variations]"
Change component parameters (AddParameter): Name = "JLCPCB Basic Part"; Value = "Yes"; VariantName = "[No Variations]"
Change component parameters (AddParameter): Name = "JLCPCB Part Number"; Value = "C25804"; VariantName = "[No Variations]"
Change component parameters (AddParameter): Name = "Manufacturer"; Value = "Uniroyal"; VariantName = "[No Variations]"
Change component parameters (AddParameter): Name = "Manufacturer Part Number"; Value = "0603WAF1002T5E"; VariantName = "[No Variations]"
Change component parameters (AddParameter): Name = "Package Size"; Value = "0603"; VariantName = "[No Variations]"
Change component parameters (AddParameter): Name = "Power Rating"; Value = "100mW"; VariantName = "[No Variations]"
Change component parameters (AddParameter): Name = "Resistance"; Value = "10kO"; VariantName = "[No Variations]"
Change component parameters (AddParameter): Name = "Supplier 1"; Value = "LCSC"; VariantName = "[No Variations]"
Change component parameters (AddParameter): Name = "Supplier Part Number 1"; Value = "C25804"; VariantName = "[No Variations]"
Change component parameters (AddParameter): Name = "Temperature Coefficient"; Value = "±100ppm/?"; VariantName = "[No Variations]"
Change component parameters (AddParameter): Name = "Temperature Rating"; Value = "-55?~+155?"; VariantName = "[No Variations]"
Change component parameters (AddParameter): Name = "Tolerance"; Value = "±1%"; VariantName = "[No Variations]"
Change component parameters (AddParameter): Name = "Voltage Rating"; Value = "75V"; VariantName = "[No Variations]"
Change component parameters: Designator = "R15" ("R15"); Footprint = "RES-0402"; UniqueID = "\RHXCXKFT" ("\RHXCXKFT")
Change component parameters (AddParameter): Name = "Category"; Value = "Resistors"; VariantName = "[No Variations]"
Change component parameters (AddParameter): Name = "ComponentLink1Description"; Value = "Datasheet"; VariantName = "[No Variations]"
Change component parameters (AddParameter): Name = "ComponentLink1URL"; Value = "https://wmsc.lcsc.com/wmsc/upload/file/pdf/v2/lcsc/2206010045_UNI-ROYAL-Uniroyal-Elec-0603WAF1002T5E_C25804.pdf"; VariantName = "[No Variations]"
Change component parameters (AddParameter): Name = "ComponentLink2Description"; Value = "JLCPCB Part URL"; VariantName = "[No Variations]"
Change component parameters (AddParameter): Name = "ComponentLink2URL"; Value = "https://jlcpcb.com/partdetail/C25804"; VariantName = "[No Variations]"
Change component parameters (AddParameter): Name = "JLCPCB Basic Part"; Value = "Yes"; VariantName = "[No Variations]"
Change component parameters (AddParameter): Name = "JLCPCB Part Number"; Value = "C25804"; VariantName = "[No Variations]"
Change component parameters (AddParameter): Name = "Manufacturer"; Value = "Uniroyal"; VariantName = "[No Variations]"
Change component parameters (AddParameter): Name = "Manufacturer Part Number"; Value = "0603WAF1002T5E"; VariantName = "[No Variations]"
Change component parameters (AddParameter): Name = "Package Size"; Value = "0603"; VariantName = "[No Variations]"
Change component parameters (AddParameter): Name = "Power Rating"; Value = "100mW"; VariantName = "[No Variations]"
Change component parameters (AddParameter): Name = "Resistance"; Value = "10kO"; VariantName = "[No Variations]"
Change component parameters (AddParameter): Name = "Supplier 1"; Value = "LCSC"; VariantName = "[No Variations]"
Change component parameters (AddParameter): Name = "Supplier Part Number 1"; Value = "C25804"; VariantName = "[No Variations]"
Change component parameters (AddParameter): Name = "Temperature Coefficient"; Value = "±100ppm/?"; VariantName = "[No Variations]"
Change component parameters (AddParameter): Name = "Temperature Rating"; Value = "-55?~+155?"; VariantName = "[No Variations]"
Change component parameters (AddParameter): Name = "Tolerance"; Value = "±1%"; VariantName = "[No Variations]"
Change component parameters (AddParameter): Name = "Voltage Rating"; Value = "75V"; VariantName = "[No Variations]"
Change component parameters: Designator = "R16" ("R16"); Footprint = "RES-0402"; UniqueID = "\REBGJSKP" ("\REBGJSKP")
Change component parameters (AddParameter): Name = "Category"; Value = "Resistors"; VariantName = "[No Variations]"
Change component parameters (AddParameter): Name = "ComponentLink1Description"; Value = "Datasheet"; VariantName = "[No Variations]"
Change component parameters (AddParameter): Name = "ComponentLink1URL"; Value = "https://wmsc.lcsc.com/wmsc/upload/file/pdf/v2/lcsc/2206010045_UNI-ROYAL-Uniroyal-Elec-0603WAF1002T5E_C25804.pdf"; VariantName = "[No Variations]"
Change component parameters (AddParameter): Name = "ComponentLink2Description"; Value = "JLCPCB Part URL"; VariantName = "[No Variations]"
Change component parameters (AddParameter): Name = "ComponentLink2URL"; Value = "https://jlcpcb.com/partdetail/C25804"; VariantName = "[No Variations]"
Change component parameters (AddParameter): Name = "JLCPCB Basic Part"; Value = "Yes"; VariantName = "[No Variations]"
Change component parameters (AddParameter): Name = "JLCPCB Part Number"; Value = "C25804"; VariantName = "[No Variations]"
Change component parameters (AddParameter): Name = "Manufacturer"; Value = "Uniroyal"; VariantName = "[No Variations]"
Change component parameters (AddParameter): Name = "Manufacturer Part Number"; Value = "0603WAF1002T5E"; VariantName = "[No Variations]"
Change component parameters (AddParameter): Name = "Package Size"; Value = "0603"; VariantName = "[No Variations]"
Change component parameters (AddParameter): Name = "Power Rating"; Value = "100mW"; VariantName = "[No Variations]"
Change component parameters (AddParameter): Name = "Resistance"; Value = "10kO"; VariantName = "[No Variations]"
Change component parameters (AddParameter): Name = "Supplier 1"; Value = "LCSC"; VariantName = "[No Variations]"
Change component parameters (AddParameter): Name = "Supplier Part Number 1"; Value = "C25804"; VariantName = "[No Variations]"
Change component parameters (AddParameter): Name = "Temperature Coefficient"; Value = "±100ppm/?"; VariantName = "[No Variations]"
Change component parameters (AddParameter): Name = "Temperature Rating"; Value = "-55?~+155?"; VariantName = "[No Variations]"
Change component parameters (AddParameter): Name = "Tolerance"; Value = "±1%"; VariantName = "[No Variations]"
Change component parameters (AddParameter): Name = "Voltage Rating"; Value = "75V"; VariantName = "[No Variations]"
Change component parameters: Designator = "R17" ("R17"); Footprint = "RES-0402"; UniqueID = "\JENQQTUE" ("\JENQQTUE")
Change component parameters (AddParameter): Name = "Category"; Value = "Resistors"; VariantName = "[No Variations]"
Change component parameters (AddParameter): Name = "ComponentLink1Description"; Value = "Datasheet"; VariantName = "[No Variations]"
Change component parameters (AddParameter): Name = "ComponentLink1URL"; Value = "https://wmsc.lcsc.com/wmsc/upload/file/pdf/v2/lcsc/2206010045_UNI-ROYAL-Uniroyal-Elec-0603WAF1002T5E_C25804.pdf"; VariantName = "[No Variations]"
Change component parameters (AddParameter): Name = "ComponentLink2Description"; Value = "JLCPCB Part URL"; VariantName = "[No Variations]"
Change component parameters (AddParameter): Name = "ComponentLink2URL"; Value = "https://jlcpcb.com/partdetail/C25804"; VariantName = "[No Variations]"
Change component parameters (AddParameter): Name = "JLCPCB Basic Part"; Value = "Yes"; VariantName = "[No Variations]"
Change component parameters (AddParameter): Name = "JLCPCB Part Number"; Value = "C25804"; VariantName = "[No Variations]"
Change component parameters (AddParameter): Name = "Manufacturer"; Value = "Uniroyal"; VariantName = "[No Variations]"
Change component parameters (AddParameter): Name = "Manufacturer Part Number"; Value = "0603WAF1002T5E"; VariantName = "[No Variations]"
Change component parameters (AddParameter): Name = "Package Size"; Value = "0603"; VariantName = "[No Variations]"
Change component parameters (AddParameter): Name = "Power Rating"; Value = "100mW"; VariantName = "[No Variations]"
Change component parameters (AddParameter): Name = "Resistance"; Value = "10kO"; VariantName = "[No Variations]"
Change component parameters (AddParameter): Name = "Supplier 1"; Value = "LCSC"; VariantName = "[No Variations]"
Change component parameters (AddParameter): Name = "Supplier Part Number 1"; Value = "C25804"; VariantName = "[No Variations]"
Change component parameters (AddParameter): Name = "Temperature Coefficient"; Value = "±100ppm/?"; VariantName = "[No Variations]"
Change component parameters (AddParameter): Name = "Temperature Rating"; Value = "-55?~+155?"; VariantName = "[No Variations]"
Change component parameters (AddParameter): Name = "Tolerance"; Value = "±1%"; VariantName = "[No Variations]"
Change component parameters (AddParameter): Name = "Voltage Rating"; Value = "75V"; VariantName = "[No Variations]"
Change component parameters: Designator = "R18" ("R18"); Footprint = "RES-0402"; UniqueID = "\NYRVZFWM" ("\NYRVZFWM")
Change component parameters (AddParameter): Name = "Category"; Value = "Resistors"; VariantName = "[No Variations]"
Change component parameters (AddParameter): Name = "ComponentLink1Description"; Value = "Datasheet"; VariantName = "[No Variations]"
Change component parameters (AddParameter): Name = "ComponentLink1URL"; Value = "https://wmsc.lcsc.com/wmsc/upload/file/pdf/v2/lcsc/2206010045_UNI-ROYAL-Uniroyal-Elec-0603WAF1002T5E_C25804.pdf"; VariantName = "[No Variations]"
Change component parameters (AddParameter): Name = "ComponentLink2Description"; Value = "JLCPCB Part URL"; VariantName = "[No Variations]"
Change component parameters (AddParameter): Name = "ComponentLink2URL"; Value = "https://jlcpcb.com/partdetail/C25804"; VariantName = "[No Variations]"
Change component parameters (AddParameter): Name = "JLCPCB Basic Part"; Value = "Yes"; VariantName = "[No Variations]"
Change component parameters (AddParameter): Name = "JLCPCB Part Number"; Value = "C25804"; VariantName = "[No Variations]"
Change component parameters (AddParameter): Name = "Manufacturer"; Value = "Uniroyal"; VariantName = "[No Variations]"
Change component parameters (AddParameter): Name = "Manufacturer Part Number"; Value = "0603WAF1002T5E"; VariantName = "[No Variations]"
Change component parameters (AddParameter): Name = "Package Size"; Value = "0603"; VariantName = "[No Variations]"
Change component parameters (AddParameter): Name = "Power Rating"; Value = "100mW"; VariantName = "[No Variations]"
Change component parameters (AddParameter): Name = "Resistance"; Value = "10kO"; VariantName = "[No Variations]"
Change component parameters (AddParameter): Name = "Supplier 1"; Value = "LCSC"; VariantName = "[No Variations]"
Change component parameters (AddParameter): Name = "Supplier Part Number 1"; Value = "C25804"; VariantName = "[No Variations]"
Change component parameters (AddParameter): Name = "Temperature Coefficient"; Value = "±100ppm/?"; VariantName = "[No Variations]"
Change component parameters (AddParameter): Name = "Temperature Rating"; Value = "-55?~+155?"; VariantName = "[No Variations]"
Change component parameters (AddParameter): Name = "Tolerance"; Value = "±1%"; VariantName = "[No Variations]"
Change component parameters (AddParameter): Name = "Voltage Rating"; Value = "75V"; VariantName = "[No Variations]"
Change component parameters: Designator = "R19" ("R19"); Footprint = "RES-0402"; UniqueID = "\AHXIZSJL" ("\AHXIZSJL")
Change component parameters (AddParameter): Name = "Category"; Value = "Resistors"; VariantName = "[No Variations]"
Change component parameters (AddParameter): Name = "ComponentLink1Description"; Value = "Datasheet"; VariantName = "[No Variations]"
Change component parameters (AddParameter): Name = "ComponentLink1URL"; Value = "https://wmsc.lcsc.com/wmsc/upload/file/pdf/v2/lcsc/2206010045_UNI-ROYAL-Uniroyal-Elec-0603WAF1002T5E_C25804.pdf"; VariantName = "[No Variations]"
Change component parameters (AddParameter): Name = "ComponentLink2Description"; Value = "JLCPCB Part URL"; VariantName = "[No Variations]"
Change component parameters (AddParameter): Name = "ComponentLink2URL"; Value = "https://jlcpcb.com/partdetail/C25804"; VariantName = "[No Variations]"
Change component parameters (AddParameter): Name = "JLCPCB Basic Part"; Value = "Yes"; VariantName = "[No Variations]"
Change component parameters (AddParameter): Name = "JLCPCB Part Number"; Value = "C25804"; VariantName = "[No Variations]"
Change component parameters (AddParameter): Name = "Manufacturer"; Value = "Uniroyal"; VariantName = "[No Variations]"
Change component parameters (AddParameter): Name = "Manufacturer Part Number"; Value = "0603WAF1002T5E"; VariantName = "[No Variations]"
Change component parameters (AddParameter): Name = "Package Size"; Value = "0603"; VariantName = "[No Variations]"
Change component parameters (AddParameter): Name = "Power Rating"; Value = "100mW"; VariantName = "[No Variations]"
Change component parameters (AddParameter): Name = "Resistance"; Value = "10kO"; VariantName = "[No Variations]"
Change component parameters (AddParameter): Name = "Supplier 1"; Value = "LCSC"; VariantName = "[No Variations]"
Change component parameters (AddParameter): Name = "Supplier Part Number 1"; Value = "C25804"; VariantName = "[No Variations]"
Change component parameters (AddParameter): Name = "Temperature Coefficient"; Value = "±100ppm/?"; VariantName = "[No Variations]"
Change component parameters (AddParameter): Name = "Temperature Rating"; Value = "-55?~+155?"; VariantName = "[No Variations]"
Change component parameters (AddParameter): Name = "Tolerance"; Value = "±1%"; VariantName = "[No Variations]"
Change component parameters (AddParameter): Name = "Voltage Rating"; Value = "75V"; VariantName = "[No Variations]"
Change component parameters: Designator = "R20" ("R20"); Footprint = "RES-0402"; UniqueID = "\IOIPDDKA" ("\IOIPDDKA")
Change component parameters (AddParameter): Name = "Category"; Value = "Resistors"; VariantName = "[No Variations]"
Change component parameters (AddParameter): Name = "ComponentLink1Description"; Value = "Datasheet"; VariantName = "[No Variations]"
Change component parameters (AddParameter): Name = "ComponentLink1URL"; Value = "https://wmsc.lcsc.com/wmsc/upload/file/pdf/v2/lcsc/2206010045_UNI-ROYAL-Uniroyal-Elec-0603WAF1002T5E_C25804.pdf"; VariantName = "[No Variations]"
Change component parameters (AddParameter): Name = "ComponentLink2Description"; Value = "JLCPCB Part URL"; VariantName = "[No Variations]"
Change component parameters (AddParameter): Name = "ComponentLink2URL"; Value = "https://jlcpcb.com/partdetail/C25804"; VariantName = "[No Variations]"
Change component parameters (AddParameter): Name = "JLCPCB Basic Part"; Value = "Yes"; VariantName = "[No Variations]"
Change component parameters (AddParameter): Name = "JLCPCB Part Number"; Value = "C25804"; VariantName = "[No Variations]"
Change component parameters (AddParameter): Name = "Manufacturer"; Value = "Uniroyal"; VariantName = "[No Variations]"
Change component parameters (AddParameter): Name = "Manufacturer Part Number"; Value = "0603WAF1002T5E"; VariantName = "[No Variations]"
Change component parameters (AddParameter): Name = "Package Size"; Value = "0603"; VariantName = "[No Variations]"
Change component parameters (AddParameter): Name = "Power Rating"; Value = "100mW"; VariantName = "[No Variations]"
Change component parameters (AddParameter): Name = "Resistance"; Value = "10kO"; VariantName = "[No Variations]"
Change component parameters (AddParameter): Name = "Supplier 1"; Value = "LCSC"; VariantName = "[No Variations]"
Change component parameters (AddParameter): Name = "Supplier Part Number 1"; Value = "C25804"; VariantName = "[No Variations]"
Change component parameters (AddParameter): Name = "Temperature Coefficient"; Value = "±100ppm/?"; VariantName = "[No Variations]"
Change component parameters (AddParameter): Name = "Temperature Rating"; Value = "-55?~+155?"; VariantName = "[No Variations]"
Change component parameters (AddParameter): Name = "Tolerance"; Value = "±1%"; VariantName = "[No Variations]"
Change component parameters (AddParameter): Name = "Voltage Rating"; Value = "75V"; VariantName = "[No Variations]"
Change component parameters: Designator = "R21" ("R21"); Footprint = "RES-0402"; UniqueID = "\YLELGXSD" ("\YLELGXSD")
Change component parameters (AddParameter): Name = "Category"; Value = "Resistors"; VariantName = "[No Variations]"
Change component parameters (AddParameter): Name = "ComponentLink1Description"; Value = "Datasheet"; VariantName = "[No Variations]"
Change component parameters (AddParameter): Name = "ComponentLink1URL"; Value = "https://wmsc.lcsc.com/wmsc/upload/file/pdf/v2/lcsc/2206010045_UNI-ROYAL-Uniroyal-Elec-0603WAF1002T5E_C25804.pdf"; VariantName = "[No Variations]"
Change component parameters (AddParameter): Name = "ComponentLink2Description"; Value = "JLCPCB Part URL"; VariantName = "[No Variations]"
Change component parameters (AddParameter): Name = "ComponentLink2URL"; Value = "https://jlcpcb.com/partdetail/C25804"; VariantName = "[No Variations]"
Change component parameters (AddParameter): Name = "JLCPCB Basic Part"; Value = "Yes"; VariantName = "[No Variations]"
Change component parameters (AddParameter): Name = "JLCPCB Part Number"; Value = "C25804"; VariantName = "[No Variations]"
Change component parameters (AddParameter): Name = "Manufacturer"; Value = "Uniroyal"; VariantName = "[No Variations]"
Change component parameters (AddParameter): Name = "Manufacturer Part Number"; Value = "0603WAF1002T5E"; VariantName = "[No Variations]"
Change component parameters (AddParameter): Name = "Package Size"; Value = "0603"; VariantName = "[No Variations]"
Change component parameters (AddParameter): Name = "Power Rating"; Value = "100mW"; VariantName = "[No Variations]"
Change component parameters (AddParameter): Name = "Resistance"; Value = "10kO"; VariantName = "[No Variations]"
Change component parameters (AddParameter): Name = "Supplier 1"; Value = "LCSC"; VariantName = "[No Variations]"
Change component parameters (AddParameter): Name = "Supplier Part Number 1"; Value = "C25804"; VariantName = "[No Variations]"
Change component parameters (AddParameter): Name = "Temperature Coefficient"; Value = "±100ppm/?"; VariantName = "[No Variations]"
Change component parameters (AddParameter): Name = "Temperature Rating"; Value = "-55?~+155?"; VariantName = "[No Variations]"
Change component parameters (AddParameter): Name = "Tolerance"; Value = "±1%"; VariantName = "[No Variations]"
Change component parameters (AddParameter): Name = "Voltage Rating"; Value = "75V"; VariantName = "[No Variations]"
Change component parameters: Designator = "R22" ("R22"); Footprint = "RES-0402"; UniqueID = "\PKSDQZCW" ("\PKSDQZCW")
Change component parameters (AddParameter): Name = "Category"; Value = "Resistors"; VariantName = "[No Variations]"
Change component parameters (AddParameter): Name = "ComponentLink1Description"; Value = "Datasheet"; VariantName = "[No Variations]"
Change component parameters (AddParameter): Name = "ComponentLink1URL"; Value = "https://wmsc.lcsc.com/wmsc/upload/file/pdf/v2/lcsc/2206010045_UNI-ROYAL-Uniroyal-Elec-0603WAF1002T5E_C25804.pdf"; VariantName = "[No Variations]"
Change component parameters (AddParameter): Name = "ComponentLink2Description"; Value = "JLCPCB Part URL"; VariantName = "[No Variations]"
Change component parameters (AddParameter): Name = "ComponentLink2URL"; Value = "https://jlcpcb.com/partdetail/C25804"; VariantName = "[No Variations]"
Change component parameters (AddParameter): Name = "JLCPCB Basic Part"; Value = "Yes"; VariantName = "[No Variations]"
Change component parameters (AddParameter): Name = "JLCPCB Part Number"; Value = "C25804"; VariantName = "[No Variations]"
Change component parameters (AddParameter): Name = "Manufacturer"; Value = "Uniroyal"; VariantName = "[No Variations]"
Change component parameters (AddParameter): Name = "Manufacturer Part Number"; Value = "0603WAF1002T5E"; VariantName = "[No Variations]"
Change component parameters (AddParameter): Name = "Package Size"; Value = "0603"; VariantName = "[No Variations]"
Change component parameters (AddParameter): Name = "Power Rating"; Value = "100mW"; VariantName = "[No Variations]"
Change component parameters (AddParameter): Name = "Resistance"; Value = "10kO"; VariantName = "[No Variations]"
Change component parameters (AddParameter): Name = "Supplier 1"; Value = "LCSC"; VariantName = "[No Variations]"
Change component parameters (AddParameter): Name = "Supplier Part Number 1"; Value = "C25804"; VariantName = "[No Variations]"
Change component parameters (AddParameter): Name = "Temperature Coefficient"; Value = "±100ppm/?"; VariantName = "[No Variations]"
Change component parameters (AddParameter): Name = "Temperature Rating"; Value = "-55?~+155?"; VariantName = "[No Variations]"
Change component parameters (AddParameter): Name = "Tolerance"; Value = "±1%"; VariantName = "[No Variations]"
Change component parameters (AddParameter): Name = "Voltage Rating"; Value = "75V"; VariantName = "[No Variations]"
Change component parameters: Designator = "R23" ("R23"); Footprint = "RES-0402"; UniqueID = "\JHCUICPY" ("\JHCUICPY")
Change component parameters (AddParameter): Name = "Category"; Value = "Resistors"; VariantName = "[No Variations]"
Change component parameters (AddParameter): Name = "ComponentLink1Description"; Value = "Datasheet"; VariantName = "[No Variations]"
Change component parameters (AddParameter): Name = "ComponentLink1URL"; Value = "https://wmsc.lcsc.com/wmsc/upload/file/pdf/v2/lcsc/2206010045_UNI-ROYAL-Uniroyal-Elec-0603WAF1002T5E_C25804.pdf"; VariantName = "[No Variations]"
Change component parameters (AddParameter): Name = "ComponentLink2Description"; Value = "JLCPCB Part URL"; VariantName = "[No Variations]"
Change component parameters (AddParameter): Name = "ComponentLink2URL"; Value = "https://jlcpcb.com/partdetail/C25804"; VariantName = "[No Variations]"
Change component parameters (AddParameter): Name = "JLCPCB Basic Part"; Value = "Yes"; VariantName = "[No Variations]"
Change component parameters (AddParameter): Name = "JLCPCB Part Number"; Value = "C25804"; VariantName = "[No Variations]"
Change component parameters (AddParameter): Name = "Manufacturer"; Value = "Uniroyal"; VariantName = "[No Variations]"
Change component parameters (AddParameter): Name = "Manufacturer Part Number"; Value = "0603WAF1002T5E"; VariantName = "[No Variations]"
Change component parameters (AddParameter): Name = "Package Size"; Value = "0603"; VariantName = "[No Variations]"
Change component parameters (AddParameter): Name = "Power Rating"; Value = "100mW"; VariantName = "[No Variations]"
Change component parameters (AddParameter): Name = "Resistance"; Value = "10kO"; VariantName = "[No Variations]"
Change component parameters (AddParameter): Name = "Supplier 1"; Value = "LCSC"; VariantName = "[No Variations]"
Change component parameters (AddParameter): Name = "Supplier Part Number 1"; Value = "C25804"; VariantName = "[No Variations]"
Change component parameters (AddParameter): Name = "Temperature Coefficient"; Value = "±100ppm/?"; VariantName = "[No Variations]"
Change component parameters (AddParameter): Name = "Temperature Rating"; Value = "-55?~+155?"; VariantName = "[No Variations]"
Change component parameters (AddParameter): Name = "Tolerance"; Value = "±1%"; VariantName = "[No Variations]"
Change component parameters (AddParameter): Name = "Voltage Rating"; Value = "75V"; VariantName = "[No Variations]"
Change component parameters: Designator = "R24" ("R24"); Footprint = "RES-0402"; UniqueID = "\SVIGVKWJ" ("\SVIGVKWJ")
Change component parameters (AddParameter): Name = "Category"; Value = "Resistors"; VariantName = "[No Variations]"
Change component parameters (AddParameter): Name = "ComponentLink1Description"; Value = "Datasheet"; VariantName = "[No Variations]"
Change component parameters (AddParameter): Name = "ComponentLink1URL"; Value = "https://wmsc.lcsc.com/wmsc/upload/file/pdf/v2/lcsc/2206010045_UNI-ROYAL-Uniroyal-Elec-0603WAF1002T5E_C25804.pdf"; VariantName = "[No Variations]"
Change component parameters (AddParameter): Name = "ComponentLink2Description"; Value = "JLCPCB Part URL"; VariantName = "[No Variations]"
Change component parameters (AddParameter): Name = "ComponentLink2URL"; Value = "https://jlcpcb.com/partdetail/C25804"; VariantName = "[No Variations]"
Change component parameters (AddParameter): Name = "JLCPCB Basic Part"; Value = "Yes"; VariantName = "[No Variations]"
Change component parameters (AddParameter): Name = "JLCPCB Part Number"; Value = "C25804"; VariantName = "[No Variations]"
Change component parameters (AddParameter): Name = "Manufacturer"; Value = "Uniroyal"; VariantName = "[No Variations]"
Change component parameters (AddParameter): Name = "Manufacturer Part Number"; Value = "0603WAF1002T5E"; VariantName = "[No Variations]"
Change component parameters (AddParameter): Name = "Package Size"; Value = "0603"; VariantName = "[No Variations]"
Change component parameters (AddParameter): Name = "Power Rating"; Value = "100mW"; VariantName = "[No Variations]"
Change component parameters (AddParameter): Name = "Resistance"; Value = "10kO"; VariantName = "[No Variations]"
Change component parameters (AddParameter): Name = "Supplier 1"; Value = "LCSC"; VariantName = "[No Variations]"
Change component parameters (AddParameter): Name = "Supplier Part Number 1"; Value = "C25804"; VariantName = "[No Variations]"
Change component parameters (AddParameter): Name = "Temperature Coefficient"; Value = "±100ppm/?"; VariantName = "[No Variations]"
Change component parameters (AddParameter): Name = "Temperature Rating"; Value = "-55?~+155?"; VariantName = "[No Variations]"
Change component parameters (AddParameter): Name = "Tolerance"; Value = "±1%"; VariantName = "[No Variations]"
Change component parameters (AddParameter): Name = "Voltage Rating"; Value = "75V"; VariantName = "[No Variations]"
