Add Pin To Net: Unknown Pin: Pin J4-1
Add Pin To Net: Unknown Pin: Pin J4-2
Add Pin To Net: Unknown Pin: Pin J4-3
Add Pin To Net: Unknown Pin: Pin J4-5
Add Pin To Net: Unknown Pin: Pin J4-6
Add Pin To Net: Unknown Pin: Pin J4-7
Add Pin To Net: Unknown Pin: Pin J4-8
Add Pin To Net: Unknown Pin: Pin J4-10
Add Pin To Net: Unknown Pin: Pin J4-13
Add Pin To Net: Unknown Pin: Pin J4-14
Add Pin To Net: Unknown Pin: Pin R1-1
Add Pin To Net: Unknown Pin: Pin R1-2
Add Pin To Net: Unknown Pin: Pin R2-1
Add Pin To Net: Unknown Pin: Pin R2-2
Add Pin To Net: Unknown Pin: Pin R3-1
Add Pin To Net: Unknown Pin: Pin R3-2
Add Pin To Net: Unknown Pin: Pin R4-1
Add Pin To Net: Unknown Pin: Pin R4-2
Add Pin To Net: Unknown Pin: Pin R5-1
Add Pin To Net: Unknown Pin: Pin R5-2
Add Pin To Net: Unknown Pin: Pin R6-1
Add Pin To Net: Unknown Pin: Pin R6-2
Add Pin To Net: Unknown Pin: Pin R7-1
Add Pin To Net: Unknown Pin: Pin R7-2
Add Pin To Net: Unknown Pin: Pin R8-1
Add Pin To Net: Unknown Pin: Pin R8-2
Add Pin To Net: Unknown Pin: Pin R9-1
Add Pin To Net: Unknown Pin: Pin R9-2
Add Pin To Net: Unknown Pin: Pin R10-1
Add Pin To Net: Unknown Pin: Pin R10-2
Add Class Member: Failed to add class member : Component J4 L77HDE15SD1CH4FVGA
Add Class Member: Failed to add class member : Component R1 0402WGF2001TCE
Add Class Member: Failed to add class member : Component R2 0402WGF1001TCE
Add Class Member: Failed to add class member : Component R3 0402WGF5100TCE
Add Class Member: Failed to add class member : Component R4 0402WGF2001TCE
Add Class Member: Failed to add class member : Component R5 0402WGF1001TCE
Add Class Member: Failed to add class member : Component R6 0402WGF5100TCE
Add Class Member: Failed to add class member : Component R7 0603WAF8200T5E
Add Class Member: Failed to add class member : Component R8 0402WGF5100TCE
Add Class Member: Failed to add class member : Component R9 0603WAF470JT5E
Add Class Member: Failed to add class member : Component R10 0603WAF470JT5E
